<?xml version="1.0" encoding="UTF-8"?>
<coverage generated="1628018133986" clover="3.2.0">
  <project timestamp="1628018133986" name="All files">
    <metrics statements="51" coveredstatements="35" conditionals="7" coveredconditionals="5" methods="14" coveredmethods="5" elements="72" coveredelements="45" complexity="0" loc="51" ncloc="51" packages="6" files="6" classes="6"/>
    <package name="FEC">
      <metrics statements="1" coveredstatements="1" conditionals="0" coveredconditionals="0" methods="0" coveredmethods="0"/>
      <file name="config.js" path="/Users/benbernardy/bootcamp/FEC/config.js">
        <metrics statements="1" coveredstatements="1" conditionals="0" coveredconditionals="0" methods="0" coveredmethods="0"/>
        <line num="1" count="1" type="stmt"/>
      </file>
    </package>
    <package name="FEC.client.src.actions">
      <metrics statements="9" coveredstatements="9" conditionals="0" coveredconditionals="0" methods="0" coveredmethods="0"/>
      <file name="actionTypes.js" path="/Users/benbernardy/bootcamp/FEC/client/src/actions/actionTypes.js">
        <metrics statements="9" coveredstatements="9" conditionals="0" coveredconditionals="0" methods="0" coveredmethods="0"/>
        <line num="5" count="2" type="stmt"/>
        <line num="6" count="2" type="stmt"/>
        <line num="7" count="2" type="stmt"/>
        <line num="8" count="2" type="stmt"/>
        <line num="10" count="2" type="stmt"/>
        <line num="11" count="2" type="stmt"/>
        <line num="13" count="2" type="stmt"/>
        <line num="14" count="2" type="stmt"/>
        <line num="15" count="2" type="stmt"/>
      </file>
    </package>
    <package name="FEC.client.src.actions.ProductOverview">
      <metrics statements="21" coveredstatements="8" conditionals="0" coveredconditionals="0" methods="10" coveredmethods="2"/>
      <file name="actions.js" path="/Users/benbernardy/bootcamp/FEC/client/src/actions/ProductOverview/actions.js">
        <metrics statements="21" coveredstatements="8" conditionals="0" coveredconditionals="0" methods="10" coveredmethods="2"/>
        <line num="9" count="1" type="stmt"/>
        <line num="10" count="1" type="stmt"/>
        <line num="16" count="1" type="stmt"/>
        <line num="17" count="0" type="stmt"/>
        <line num="18" count="0" type="stmt"/>
        <line num="19" count="0" type="stmt"/>
        <line num="24" count="0" type="stmt"/>
        <line num="25" count="0" type="stmt"/>
        <line num="30" count="1" type="stmt"/>
        <line num="31" count="2" type="stmt"/>
        <line num="40" count="1" type="stmt"/>
        <line num="41" count="0" type="stmt"/>
        <line num="48" count="1" type="stmt"/>
        <line num="49" count="0" type="stmt"/>
        <line num="50" count="0" type="stmt"/>
        <line num="51" count="0" type="stmt"/>
        <line num="56" count="0" type="stmt"/>
        <line num="57" count="0" type="stmt"/>
        <line num="63" count="1" type="stmt"/>
        <line num="64" count="0" type="stmt"/>
        <line num="65" count="0" type="stmt"/>
      </file>
    </package>
    <package name="FEC.client.src.reducers.ProductOverview">
      <metrics statements="5" coveredstatements="4" conditionals="3" coveredconditionals="2" methods="1" coveredmethods="1"/>
      <file name="getNewProductReducer.js" path="/Users/benbernardy/bootcamp/FEC/client/src/reducers/ProductOverview/getNewProductReducer.js">
        <metrics statements="5" coveredstatements="4" conditionals="3" coveredconditionals="2" methods="1" coveredmethods="1"/>
        <line num="5" count="1" type="stmt"/>
        <line num="10" count="1" type="cond" truecount="1" falsecount="0"/>
        <line num="11" count="1" type="cond" truecount="1" falsecount="1"/>
        <line num="13" count="0" type="stmt"/>
        <line num="18" count="1" type="stmt"/>
      </file>
    </package>
    <package name="FEC.client.src.reducers.StyleSelector">
      <metrics statements="8" coveredstatements="6" conditionals="4" coveredconditionals="3" methods="3" coveredmethods="2"/>
      <file name="styleReducer.js" path="/Users/benbernardy/bootcamp/FEC/client/src/reducers/StyleSelector/styleReducer.js">
        <metrics statements="8" coveredstatements="6" conditionals="4" coveredconditionals="3" methods="3" coveredmethods="2"/>
        <line num="4" count="1" type="stmt"/>
        <line num="7" count="1" type="stmt"/>
        <line num="10" count="1" type="cond" truecount="1" falsecount="0"/>
        <line num="11" count="2" type="cond" truecount="2" falsecount="1"/>
        <line num="13" count="0" type="stmt"/>
        <line num="15" count="0" type="stmt"/>
        <line num="18" count="1" type="stmt"/>
        <line num="23" count="1" type="stmt"/>
      </file>
    </package>
    <package name="FEC.sampleData">
      <metrics statements="7" coveredstatements="7" conditionals="0" coveredconditionals="0" methods="0" coveredmethods="0"/>
      <file name="index.js" path="/Users/benbernardy/bootcamp/FEC/sampleData/index.js">
        <metrics statements="7" coveredstatements="7" conditionals="0" coveredconditionals="0" methods="0" coveredmethods="0"/>
        <line num="2" count="1" type="stmt"/>
        <line num="60" count="1" type="stmt"/>
        <line num="82" count="1" type="stmt"/>
        <line num="442" count="1" type="stmt"/>
        <line num="510" count="1" type="stmt"/>
        <line num="542" count="1" type="stmt"/>
        <line num="693" count="1" type="stmt"/>
      </file>
    </package>
  </project>
</coverage>
