{"/Users/benbernardy/bootcamp/FEC/config.js": {"path":"/Users/benbernardy/bootcamp/FEC/config.js","statementMap":{"0":{"start":{"line":1,"column":13},"end":{"line":1,"column":55}}},"fnMap":{},"branchMap":{},"s":{"0":1},"f":{},"b":{},"_coverageSchema":"1a1c01bbd47fc00a2c39e90264f33305004495a9","hash":"d9df347c006e3f7352db8a9816adcb40cc17d297"}
,"/Users/benbernardy/bootcamp/FEC/client/src/actions/actionTypes.js": {"path":"/Users/benbernardy/bootcamp/FEC/client/src/actions/actionTypes.js","statementMap":{"0":{"start":{"line":5,"column":27},"end":{"line":5,"column":40}},"1":{"start":{"line":6,"column":37},"end":{"line":6,"column":60}},"2":{"start":{"line":7,"column":33},"end":{"line":7,"column":52}},"3":{"start":{"line":8,"column":31},"end":{"line":8,"column":48}},"4":{"start":{"line":10,"column":27},"end":{"line":10,"column":40}},"5":{"start":{"line":11,"column":45},"end":{"line":11,"column":76}},"6":{"start":{"line":13,"column":29},"end":{"line":13,"column":44}},"7":{"start":{"line":14,"column":27},"end":{"line":14,"column":40}},"8":{"start":{"line":15,"column":28},"end":{"line":15,"column":42}}},"fnMap":{},"branchMap":{},"s":{"0":2,"1":2,"2":2,"3":2,"4":2,"5":2,"6":2,"7":2,"8":2},"f":{},"b":{},"_coverageSchema":"1a1c01bbd47fc00a2c39e90264f33305004495a9","hash":"6a9ccd9b27e1fc3561fbe37fadd27afdbc44bfaa"}
,"/Users/benbernardy/bootcamp/FEC/client/src/actions/ProductOverview/actions.js": {"path":"/Users/benbernardy/bootcamp/FEC/client/src/actions/ProductOverview/actions.js","statementMap":{"0":{"start":{"line":9,"column":32},"end":{"line":14,"column":1}},"1":{"start":{"line":10,"column":2},"end":{"line":13,"column":4}},"2":{"start":{"line":16,"column":29},"end":{"line":28,"column":1}},"3":{"start":{"line":17,"column":2},"end":{"line":27,"column":3}},"4":{"start":{"line":18,"column":16},"end":{"line":18,"column":98}},"5":{"start":{"line":19,"column":20},"end":{"line":23,"column":5}},"6":{"start":{"line":24,"column":4},"end":{"line":26,"column":6}},"7":{"start":{"line":25,"column":6},"end":{"line":25,"column":42}},"8":{"start":{"line":30,"column":35},"end":{"line":37,"column":1}},"9":{"start":{"line":31,"column":2},"end":{"line":36,"column":3}},"10":{"start":{"line":40,"column":24},"end":{"line":45,"column":1}},"11":{"start":{"line":41,"column":2},"end":{"line":44,"column":3}},"12":{"start":{"line":48,"column":28},"end":{"line":60,"column":1}},"13":{"start":{"line":49,"column":2},"end":{"line":59,"column":3}},"14":{"start":{"line":50,"column":16},"end":{"line":50,"column":108}},"15":{"start":{"line":51,"column":20},"end":{"line":55,"column":5}},"16":{"start":{"line":56,"column":4},"end":{"line":58,"column":6}},"17":{"start":{"line":57,"column":6},"end":{"line":57,"column":49}},"18":{"start":{"line":63,"column":25},"end":{"line":72,"column":1}},"19":{"start":{"line":64,"column":2},"end":{"line":64,"column":60}},"20":{"start":{"line":65,"column":2},"end":{"line":71,"column":3}}},"fnMap":{"0":{"name":"(anonymous_0)","decl":{"start":{"line":9,"column":32},"end":{"line":9,"column":33}},"loc":{"start":{"line":9,"column":48},"end":{"line":14,"column":1}},"line":9},"1":{"name":"(anonymous_1)","decl":{"start":{"line":16,"column":29},"end":{"line":16,"column":30}},"loc":{"start":{"line":16,"column":52},"end":{"line":28,"column":1}},"line":16},"2":{"name":"(anonymous_2)","decl":{"start":{"line":17,"column":10},"end":{"line":17,"column":11}},"loc":{"start":{"line":17,"column":24},"end":{"line":27,"column":3}},"line":17},"3":{"name":"(anonymous_3)","decl":{"start":{"line":24,"column":33},"end":{"line":24,"column":34}},"loc":{"start":{"line":24,"column":40},"end":{"line":26,"column":5}},"line":24},"4":{"name":"(anonymous_4)","decl":{"start":{"line":30,"column":35},"end":{"line":30,"column":36}},"loc":{"start":{"line":30,"column":51},"end":{"line":37,"column":1}},"line":30},"5":{"name":"(anonymous_5)","decl":{"start":{"line":40,"column":24},"end":{"line":40,"column":25}},"loc":{"start":{"line":40,"column":43},"end":{"line":45,"column":1}},"line":40},"6":{"name":"(anonymous_6)","decl":{"start":{"line":48,"column":28},"end":{"line":48,"column":29}},"loc":{"start":{"line":48,"column":51},"end":{"line":60,"column":1}},"line":48},"7":{"name":"(anonymous_7)","decl":{"start":{"line":49,"column":10},"end":{"line":49,"column":11}},"loc":{"start":{"line":49,"column":24},"end":{"line":59,"column":3}},"line":49},"8":{"name":"(anonymous_8)","decl":{"start":{"line":56,"column":33},"end":{"line":56,"column":34}},"loc":{"start":{"line":56,"column":40},"end":{"line":58,"column":5}},"line":56},"9":{"name":"(anonymous_9)","decl":{"start":{"line":63,"column":25},"end":{"line":63,"column":26}},"loc":{"start":{"line":63,"column":39},"end":{"line":72,"column":1}},"line":63}},"branchMap":{},"s":{"0":1,"1":1,"2":1,"3":0,"4":0,"5":0,"6":0,"7":0,"8":1,"9":2,"10":1,"11":0,"12":1,"13":0,"14":0,"15":0,"16":0,"17":0,"18":1,"19":0,"20":0},"f":{"0":1,"1":0,"2":0,"3":0,"4":2,"5":0,"6":0,"7":0,"8":0,"9":0},"b":{},"_coverageSchema":"1a1c01bbd47fc00a2c39e90264f33305004495a9","hash":"d326d5bb50d3db5a1d2fce7a51190737f426bcf1"}
,"/Users/benbernardy/bootcamp/FEC/client/src/reducers/ProductOverview/getNewProductReducer.js": {"path":"/Users/benbernardy/bootcamp/FEC/client/src/reducers/ProductOverview/getNewProductReducer.js","statementMap":{"0":{"start":{"line":5,"column":21},"end":{"line":8,"column":1}},"1":{"start":{"line":10,"column":29},"end":{"line":20,"column":3}},"2":{"start":{"line":11,"column":2},"end":{"line":19,"column":5}},"3":{"start":{"line":13,"column":6},"end":{"line":16,"column":8}},"4":{"start":{"line":18,"column":6},"end":{"line":18,"column":19}}},"fnMap":{"0":{"name":"(anonymous_0)","decl":{"start":{"line":10,"column":29},"end":{"line":10,"column":30}},"loc":{"start":{"line":10,"column":63},"end":{"line":20,"column":3}},"line":10}},"branchMap":{"0":{"loc":{"start":{"line":10,"column":30},"end":{"line":10,"column":50}},"type":"default-arg","locations":[{"start":{"line":10,"column":38},"end":{"line":10,"column":50}}],"line":10},"1":{"loc":{"start":{"line":11,"column":2},"end":{"line":19,"column":5}},"type":"switch","locations":[{"start":{"line":12,"column":4},"end":{"line":16,"column":8}},{"start":{"line":17,"column":4},"end":{"line":18,"column":19}}],"line":11}},"s":{"0":1,"1":1,"2":1,"3":0,"4":1},"f":{"0":1},"b":{"0":[1],"1":[0,1]},"_coverageSchema":"1a1c01bbd47fc00a2c39e90264f33305004495a9","hash":"a82ed08de60631152ffe3c4eeb0412ebe571b1d9"}
,"/Users/benbernardy/bootcamp/FEC/client/src/reducers/StyleSelector/styleReducer.js": {"path":"/Users/benbernardy/bootcamp/FEC/client/src/reducers/StyleSelector/styleReducer.js","statementMap":{"0":{"start":{"line":4,"column":21},"end":{"line":8,"column":1}},"1":{"start":{"line":7,"column":53},"end":{"line":7,"column":79}},"2":{"start":{"line":10,"column":27},"end":{"line":25,"column":3}},"3":{"start":{"line":11,"column":2},"end":{"line":24,"column":5}},"4":{"start":{"line":13,"column":6},"end":{"line":16,"column":8}},"5":{"start":{"line":15,"column":53},"end":{"line":15,"column":95}},"6":{"start":{"line":18,"column":6},"end":{"line":21,"column":7}},"7":{"start":{"line":23,"column":6},"end":{"line":23,"column":19}}},"fnMap":{"0":{"name":"(anonymous_0)","decl":{"start":{"line":7,"column":44},"end":{"line":7,"column":45}},"loc":{"start":{"line":7,"column":53},"end":{"line":7,"column":79}},"line":7},"1":{"name":"(anonymous_1)","decl":{"start":{"line":10,"column":27},"end":{"line":10,"column":28}},"loc":{"start":{"line":10,"column":61},"end":{"line":25,"column":3}},"line":10},"2":{"name":"(anonymous_2)","decl":{"start":{"line":15,"column":44},"end":{"line":15,"column":45}},"loc":{"start":{"line":15,"column":53},"end":{"line":15,"column":95}},"line":15}},"branchMap":{"0":{"loc":{"start":{"line":10,"column":28},"end":{"line":10,"column":48}},"type":"default-arg","locations":[{"start":{"line":10,"column":36},"end":{"line":10,"column":48}}],"line":10},"1":{"loc":{"start":{"line":11,"column":2},"end":{"line":24,"column":5}},"type":"switch","locations":[{"start":{"line":12,"column":4},"end":{"line":16,"column":8}},{"start":{"line":17,"column":4},"end":{"line":21,"column":7}},{"start":{"line":22,"column":4},"end":{"line":23,"column":19}}],"line":11}},"s":{"0":1,"1":1,"2":1,"3":2,"4":0,"5":0,"6":1,"7":1},"f":{"0":1,"1":2,"2":0},"b":{"0":[2],"1":[0,1,1]},"_coverageSchema":"1a1c01bbd47fc00a2c39e90264f33305004495a9","hash":"4eff0cbc67df34a355725bfbe557621e46ee8025"}
,"/Users/benbernardy/bootcamp/FEC/sampleData/index.js": {"path":"/Users/benbernardy/bootcamp/FEC/sampleData/index.js","statementMap":{"0":{"start":{"line":2,"column":27},"end":{"line":58,"column":1}},"1":{"start":{"line":60,"column":26},"end":{"line":80,"column":1}},"2":{"start":{"line":82,"column":29},"end":{"line":440,"column":1}},"3":{"start":{"line":442,"column":30},"end":{"line":508,"column":1}},"4":{"start":{"line":510,"column":34},"end":{"line":539,"column":1}},"5":{"start":{"line":542,"column":32},"end":{"line":689,"column":1}},"6":{"start":{"line":693,"column":29},"end":{"line":749,"column":1}}},"fnMap":{},"branchMap":{},"s":{"0":1,"1":1,"2":1,"3":1,"4":1,"5":1,"6":1},"f":{},"b":{},"_coverageSchema":"1a1c01bbd47fc00a2c39e90264f33305004495a9","hash":"60877df8ac2165f6e904194129db9c59731c299d"}
}
