TN:
SF:config.js
FNF:0
FNH:0
DA:1,1
LF:1
LH:1
BRF:0
BRH:0
end_of_record
TN:
SF:client/src/actions/actionTypes.js
FNF:0
FNH:0
DA:5,2
DA:6,2
DA:7,2
DA:8,2
DA:10,2
DA:11,2
DA:13,2
DA:14,2
DA:15,2
LF:9
LH:9
BRF:0
BRH:0
end_of_record
TN:
SF:client/src/actions/ProductOverview/actions.js
FN:9,(anonymous_0)
FN:16,(anonymous_1)
FN:17,(anonymous_2)
FN:24,(anonymous_3)
FN:30,(anonymous_4)
FN:40,(anonymous_5)
FN:48,(anonymous_6)
FN:49,(anonymous_7)
FN:56,(anonymous_8)
FN:63,(anonymous_9)
FNF:10
FNH:2
FNDA:1,(anonymous_0)
FNDA:0,(anonymous_1)
FNDA:0,(anonymous_2)
FNDA:0,(anonymous_3)
FNDA:2,(anonymous_4)
FNDA:0,(anonymous_5)
FNDA:0,(anonymous_6)
FNDA:0,(anonymous_7)
FNDA:0,(anonymous_8)
FNDA:0,(anonymous_9)
DA:9,1
DA:10,1
DA:16,1
DA:17,0
DA:18,0
DA:19,0
DA:24,0
DA:25,0
DA:30,1
DA:31,2
DA:40,1
DA:41,0
DA:48,1
DA:49,0
DA:50,0
DA:51,0
DA:56,0
DA:57,0
DA:63,1
DA:64,0
DA:65,0
LF:21
LH:8
BRF:0
BRH:0
end_of_record
TN:
SF:client/src/reducers/ProductOverview/getNewProductReducer.js
FN:10,(anonymous_0)
FNF:1
FNH:1
FNDA:1,(anonymous_0)
DA:5,1
DA:10,1
DA:11,1
DA:13,0
DA:18,1
LF:5
LH:4
BRDA:10,0,0,1
BRDA:11,1,0,0
BRDA:11,1,1,1
BRF:3
BRH:2
end_of_record
TN:
SF:client/src/reducers/StyleSelector/styleReducer.js
FN:7,(anonymous_0)
FN:10,(anonymous_1)
FN:15,(anonymous_2)
FNF:3
FNH:2
FNDA:1,(anonymous_0)
FNDA:2,(anonymous_1)
FNDA:0,(anonymous_2)
DA:4,1
DA:7,1
DA:10,1
DA:11,2
DA:13,0
DA:15,0
DA:18,1
DA:23,1
LF:8
LH:6
BRDA:10,0,0,2
BRDA:11,1,0,0
BRDA:11,1,1,1
BRDA:11,1,2,1
BRF:4
BRH:3
end_of_record
TN:
SF:sampleData/index.js
FNF:0
FNH:0
DA:2,1
DA:60,1
DA:82,1
DA:442,1
DA:510,1
DA:542,1
DA:693,1
LF:7
LH:7
BRF:0
BRH:0
end_of_record
